============================= test session starts =============================
platform win32 -- Python 3.14.2, pytest-9.0.2, pluggy-1.6.0 -- C:\Git\AIPromptManager\.venv\Scripts\python.exe
cachedir: .pytest_cache
rootdir: C:\Git\AIPromptManager
configfile: pytest.ini (WARNING: ignoring pytest config in pyproject.toml!)
plugins: cov-7.0.0
collecting ... collected 14 items

tests/test_models.py::TestIngredient::test_from_dict_success PASSED      [  7%]
tests/test_models.py::TestIngredient::test_to_dict_success PASSED        [ 14%]
tests/test_models.py::TestIngredient::test_round_trip_conversion PASSED  [ 21%]
tests/test_models.py::TestRegistrySchema::test_from_dict_success PASSED  [ 28%]
tests/test_models.py::TestRegistrySchema::test_from_dict_missing_version_raises_error PASSED [ 35%]
tests/test_models.py::TestRegistrySchema::test_validate_success PASSED   [ 42%]
tests/test_models.py::TestRegistrySchema::test_validate_name_mismatch_raises_error PASSED [ 50%]
tests/test_models.py::TestRegistrySchema::test_to_dict_success PASSED    [ 57%]
tests/test_models.py::TestAgentConfig::test_from_file_success PASSED     [ 64%]
tests/test_models.py::TestAgentConfig::test_from_file_not_found_raises_error PASSED [ 71%]
tests/test_models.py::TestAgentConfig::test_from_file_invalid_json_raises_error PASSED [ 78%]
tests/test_models.py::TestAgentConfig::test_to_file_success PASSED       [ 85%]
tests/test_models.py::TestAgentConfig::test_validate_success PASSED      [ 92%]
tests/test_models.py::TestAgentConfig::test_validate_missing_ingredient_raises_error PASSED [100%]

============================== warnings summary ===============================
.venv\Lib\site-packages\_pytest\cacheprovider.py:475
  C:\Git\AIPromptManager\.venv\Lib\site-packages\_pytest\cacheprovider.py:475: PytestCacheWarning: could not create cache path C:\Git\AIPromptManager\.pytest_cache\v\cache\nodeids: [WinError 183] Cannot create a file when that file already exists: 'C:\\Git\\AIPromptManager\\.pytest_cache\\v\\cache'
    config.cache.set("cache/nodeids", sorted(self.cached_nodeids))

-- Docs: https://docs.pytest.org/en/stable/how-to/capture-warnings.html
======================== 14 passed, 1 warning in 0.05s ========================
Exception ignored in atexit callback <function cleanup_numbered_dir at 0x000002065D49AAE0>:
Traceback (most recent call last):
  File "C:\Git\AIPromptManager\.venv\Lib\site-packages\_pytest\pathlib.py", line 374, in cleanup_numbered_dir
    cleanup_dead_symlinks(root)
  File "C:\Git\AIPromptManager\.venv\Lib\site-packages\_pytest\pathlib.py", line 360, in cleanup_dead_symlinks
    left_dir.unlink()
  File "C:\Python314\Lib\pathlib\__init__.py", line 1042, in unlink
    os.unlink(self)
PermissionError: [WinError 5] Access is denied: 'C:\\Users\\zzt\\AppData\\Local\\Temp\\pytest-of-zzt\\pytest-current'
